INFO:root:Abstract 0...
INFO:root:Abstract 1000...
INFO:root:Abstract 2000...
INFO:root:Abstract 3000...
INFO:root:Abstract 4000...
INFO:root:Abstract 5000...
INFO:root:Abstract 6000...
INFO:root:Abstract 7000...
INFO:root:Abstract 8000...
INFO:root:Abstract 9000...
INFO:root:Abstract 10000...
INFO:root:Abstract 11000...
INFO:root:Abstract 12000...
INFO:root:Abstract 13000...
INFO:root:Abstract 14000...
INFO:root:Abstract 15000...
INFO:root:Abstract 16000...
INFO:root:Abstract 17000...
INFO:root:Abstract 18000...
INFO:root:Abstract 19000...
INFO:root:Abstract 20000...
INFO:root:Abstract 21000...
INFO:root:Abstract 22000...
INFO:root:Abstract 23000...
INFO:root:Abstract 24000...
INFO:root:Abstract 25000...
INFO:root:Abstract 26000...
INFO:root:Abstract 27000...
INFO:root:Abstract 28000...
INFO:root:Abstract 29000...
INFO:root:Abstract 30000...
INFO:root:Abstract 31000...
INFO:root:Abstract 32000...
INFO:root:Abstract 33000...
INFO:root:Abstract 34000...
INFO:root:Abstract 35000...
INFO:root:Abstract 36000...
INFO:root:bag of words length: 2927091
INFO:root:Abstract 0...
INFO:root:Abstract 1000...
INFO:root:Abstract 2000...
INFO:root:Abstract 3000...
DEBUG:matplotlib.backends:backend module://ipykernel.pylab.backend_inline version unknown
INFO:root:Query from 2015-06-01 to 2015-09-01
INFO:root:Length of results: 0
INFO:root:Query from 2015-07-01 to 2015-10-01
INFO:root:Length of results: 0
INFO:root:Query from 2015-08-01 to 2015-11-01
INFO:root:Length of results: 0
INFO:root:Query from 2015-09-01 to 2015-12-01
INFO:root:Length of results: 0
INFO:root:Query from 2015-10-01 to 2016-01-01
INFO:root:Length of results: 0
INFO:root:Query from 2015-11-01 to 2016-02-01
INFO:root:Length of results: 0
INFO:root:Query from 2015-12-01 to 2016-03-01
INFO:root:Length of results: 0
INFO:root:Query from 2016-01-01 to 2016-04-01
INFO:root:Length of results: 0
INFO:root:Query from 2016-02-01 to 2016-05-01
INFO:root:Length of results: 0
INFO:root:Query from 2016-03-01 to 2016-06-01
INFO:root:Length of results: 0
INFO:root:Query from 2016-04-01 to 2016-07-01
INFO:root:Length of results: 0
INFO:root:Query from 2016-05-01 to 2016-08-01
INFO:root:Length of results: 0
INFO:root:bag of words length: 0
INFO:root:bag of words length: 0
INFO:root:bag of words length: 0
INFO:root:bag of words length: 0
INFO:root:bag of words length: 0
INFO:root:bag of words length: 0
INFO:root:bag of words length: 0
INFO:root:bag of words length: 0
INFO:root:bag of words length: 0
INFO:root:bag of words length: 0
INFO:root:bag of words length: 0
INFO:root:bag of words length: 0
INFO:root:initializing intersected keys
INFO:root:length: 0
INFO:root:initializing intersected keys
INFO:root:length: 0
INFO:root:initializing intersected keys
INFO:root:length: 0
INFO:root:initializing intersected keys
INFO:root:length: 0
INFO:root:initializing intersected keys
INFO:root:length: 0
INFO:root:initializing intersected keys
INFO:root:length: 0
INFO:root:initializing intersected keys
INFO:root:length: 0
INFO:root:initializing intersected keys
INFO:root:length: 0
INFO:root:initializing intersected keys
INFO:root:length: 0
INFO:root:initializing intersected keys
INFO:root:length: 0
INFO:root:initializing intersected keys
INFO:root:length: 0
INFO:root:initializing intersected keys
INFO:root:length: 0
INFO:root:filtered bow length: 12
DEBUG:matplotlib.font_manager:findfont: Matching :family=sans-serif:style=normal:variant=normal:weight=normal:stretch=normal:size=10.0 to DejaVu Sans ('/home/ericbarnhill/anaconda3/envs/ecb/lib/python3.6/site-packages/matplotlib/mpl-data/fonts/ttf/DejaVuSans.ttf') with score of 0.050000
DEBUG:matplotlib.backends:backend module://ipykernel.pylab.backend_inline version unknown
INFO:root:Query from 2015-06-01 to 2015-09-01
INFO:root:Length of results: 36648
INFO:root:Query from 2015-07-01 to 2015-10-01
INFO:root:Length of results: 36323
INFO:root:Query from 2015-08-01 to 2015-11-01
INFO:root:Length of results: 34946
INFO:root:Query from 2015-09-01 to 2015-12-01
INFO:root:Length of results: 33760
INFO:root:Query from 2015-10-01 to 2016-01-01
INFO:root:Length of results: 32743
INFO:root:Query from 2015-11-01 to 2016-02-01
INFO:root:Length of results: 32682
INFO:root:Query from 2015-12-01 to 2016-03-01
INFO:root:Length of results: 34144
INFO:root:Query from 2016-01-01 to 2016-04-01
INFO:root:Length of results: 36025
INFO:root:Query from 2016-02-01 to 2016-05-01
INFO:root:Length of results: 36571
INFO:root:Query from 2016-03-01 to 2016-06-01
INFO:root:Length of results: 35751
INFO:root:Query from 2016-04-01 to 2016-07-01
INFO:root:Length of results: 34747
INFO:root:Query from 2016-05-01 to 2016-08-01
INFO:root:Length of results: 33679
INFO:root:Abstract 0...
INFO:root:Abstract 1000...
INFO:root:Abstract 2000...
INFO:root:Abstract 3000...
INFO:root:Abstract 4000...
INFO:root:Abstract 5000...
INFO:root:Abstract 6000...
INFO:root:Abstract 7000...
INFO:root:Abstract 8000...
INFO:root:Abstract 9000...
INFO:root:Abstract 10000...
INFO:root:Abstract 11000...
INFO:root:Abstract 12000...
INFO:root:Abstract 13000...
INFO:root:Abstract 14000...
INFO:root:Abstract 15000...
INFO:root:Abstract 16000...
INFO:root:Abstract 17000...
INFO:root:Abstract 18000...
INFO:root:Abstract 19000...
INFO:root:Abstract 20000...
INFO:root:Abstract 21000...
INFO:root:Abstract 22000...
INFO:root:Abstract 23000...
INFO:root:Abstract 24000...
INFO:root:Abstract 25000...
INFO:root:Abstract 26000...
INFO:root:Abstract 27000...
INFO:root:Abstract 28000...
INFO:root:Abstract 29000...
INFO:root:Abstract 30000...
INFO:root:Abstract 31000...
INFO:root:Abstract 32000...
INFO:root:Abstract 33000...
INFO:root:Abstract 34000...
INFO:root:Abstract 35000...
INFO:root:Abstract 36000...
INFO:root:bag of words length: 2927091
INFO:root:Abstract 0...
INFO:root:Abstract 1000...
INFO:root:Abstract 2000...
INFO:root:Abstract 3000...
INFO:root:Abstract 4000...
INFO:root:Abstract 5000...
INFO:root:Abstract 6000...
INFO:root:Abstract 7000...
INFO:root:Abstract 8000...
INFO:root:Abstract 9000...
INFO:root:Abstract 10000...
INFO:root:Abstract 11000...
INFO:root:Abstract 12000...
INFO:root:Abstract 13000...
INFO:root:Abstract 14000...
INFO:root:Abstract 15000...
INFO:root:Abstract 16000...
INFO:root:Abstract 17000...
INFO:root:Abstract 18000...
INFO:root:Abstract 19000...
INFO:root:Abstract 20000...
INFO:root:Abstract 21000...
INFO:root:Abstract 22000...
INFO:root:Abstract 23000...
INFO:root:Abstract 24000...
INFO:root:Abstract 25000...
INFO:root:Abstract 26000...
INFO:root:Abstract 27000...
INFO:root:Abstract 28000...
INFO:root:Abstract 29000...
INFO:root:Abstract 30000...
INFO:root:Abstract 31000...
INFO:root:Abstract 32000...
INFO:root:Abstract 33000...
INFO:root:Abstract 34000...
INFO:root:Abstract 35000...
INFO:root:Abstract 36000...
INFO:root:bag of words length: 3035031
INFO:root:Abstract 0...
INFO:root:Abstract 1000...
INFO:root:Abstract 2000...
INFO:root:Abstract 3000...
INFO:root:Abstract 4000...
INFO:root:Abstract 5000...
INFO:root:Abstract 6000...
INFO:root:Abstract 7000...
INFO:root:Abstract 8000...
INFO:root:Abstract 9000...
INFO:root:Abstract 10000...
INFO:root:Abstract 11000...
INFO:root:Abstract 12000...
INFO:root:Abstract 13000...
INFO:root:Abstract 14000...
INFO:root:Abstract 15000...
INFO:root:Abstract 16000...
INFO:root:Abstract 17000...
INFO:root:Abstract 18000...
INFO:root:Abstract 19000...
INFO:root:Abstract 20000...
INFO:root:Abstract 21000...
INFO:root:Abstract 22000...
INFO:root:Abstract 23000...
INFO:root:Abstract 24000...
INFO:root:Abstract 25000...
INFO:root:Abstract 26000...
INFO:root:Abstract 27000...
INFO:root:Abstract 28000...
INFO:root:Abstract 29000...
INFO:root:Abstract 30000...
INFO:root:Abstract 31000...
INFO:root:Abstract 32000...
INFO:root:Abstract 33000...
INFO:root:Abstract 34000...
INFO:root:bag of words length: 3044434
INFO:root:Abstract 0...
INFO:root:Abstract 1000...
INFO:root:Abstract 2000...
INFO:root:Abstract 3000...
INFO:root:Abstract 4000...
INFO:root:Abstract 5000...
INFO:root:Abstract 6000...
INFO:root:Abstract 7000...
INFO:root:Abstract 8000...
INFO:root:Abstract 9000...
INFO:root:Abstract 10000...
INFO:root:Abstract 11000...
INFO:root:Abstract 12000...
INFO:root:Abstract 13000...
INFO:root:Abstract 14000...
INFO:root:Abstract 15000...
INFO:root:Abstract 16000...
INFO:root:Abstract 17000...
INFO:root:Abstract 18000...
INFO:root:Abstract 19000...
INFO:root:Abstract 20000...
INFO:root:Abstract 21000...
INFO:root:Abstract 22000...
INFO:root:Abstract 23000...
INFO:root:Abstract 24000...
INFO:root:Abstract 25000...
INFO:root:Abstract 26000...
INFO:root:Abstract 27000...
INFO:root:Abstract 28000...
INFO:root:Abstract 29000...
INFO:root:Abstract 30000...
INFO:root:Abstract 31000...
INFO:root:Abstract 32000...
INFO:root:Abstract 33000...
INFO:root:bag of words length: 3037448
INFO:root:Abstract 0...
INFO:root:Abstract 1000...
INFO:root:Abstract 2000...
INFO:root:Abstract 3000...
INFO:root:Abstract 4000...
INFO:root:Abstract 5000...
INFO:root:Abstract 6000...
INFO:root:Abstract 7000...
INFO:root:Abstract 8000...
INFO:root:Abstract 9000...
INFO:root:Abstract 10000...
INFO:root:Abstract 11000...
INFO:root:Abstract 12000...
INFO:root:Abstract 13000...
INFO:root:Abstract 14000...
INFO:root:Abstract 15000...
INFO:root:Abstract 16000...
INFO:root:Abstract 17000...
INFO:root:Abstract 18000...
INFO:root:Abstract 19000...
INFO:root:Abstract 20000...
INFO:root:Abstract 21000...
INFO:root:Abstract 22000...
INFO:root:Abstract 23000...
INFO:root:Abstract 24000...
INFO:root:Abstract 25000...
INFO:root:Abstract 26000...
INFO:root:Abstract 27000...
INFO:root:Abstract 28000...
INFO:root:Abstract 29000...
INFO:root:Abstract 30000...
INFO:root:Abstract 31000...
INFO:root:Abstract 32000...
INFO:root:bag of words length: 2965661
INFO:root:Abstract 0...
INFO:root:Abstract 1000...
INFO:root:Abstract 2000...
INFO:root:Abstract 3000...
INFO:root:Abstract 4000...
INFO:root:Abstract 5000...
INFO:root:Abstract 6000...
INFO:root:Abstract 7000...
INFO:root:Abstract 8000...
INFO:root:Abstract 9000...
INFO:root:Abstract 10000...
INFO:root:Abstract 11000...
INFO:root:Abstract 12000...
INFO:root:Abstract 13000...
INFO:root:Abstract 14000...
INFO:root:Abstract 15000...
INFO:root:Abstract 16000...
INFO:root:Abstract 17000...
INFO:root:Abstract 18000...
INFO:root:Abstract 19000...
INFO:root:Abstract 20000...
INFO:root:Abstract 21000...
INFO:root:Abstract 22000...
INFO:root:Abstract 23000...
INFO:root:Abstract 24000...
INFO:root:Abstract 25000...
INFO:root:Abstract 26000...
INFO:root:Abstract 27000...
INFO:root:Abstract 28000...
INFO:root:Abstract 29000...
INFO:root:Abstract 30000...
INFO:root:Abstract 31000...
INFO:root:Abstract 32000...
INFO:root:bag of words length: 2942631
INFO:root:Abstract 0...
INFO:root:Abstract 1000...
INFO:root:Abstract 2000...
INFO:root:Abstract 3000...
INFO:root:Abstract 4000...
INFO:root:Abstract 5000...
INFO:root:Abstract 6000...
INFO:root:Abstract 7000...
INFO:root:Abstract 8000...
INFO:root:Abstract 9000...
INFO:root:Abstract 10000...
INFO:root:Abstract 11000...
INFO:root:Abstract 12000...
INFO:root:Abstract 13000...
INFO:root:Abstract 14000...
INFO:root:Abstract 15000...
INFO:root:Abstract 16000...
INFO:root:Abstract 17000...
INFO:root:Abstract 18000...
INFO:root:Abstract 19000...
INFO:root:Abstract 20000...
INFO:root:Abstract 21000...
INFO:root:Abstract 22000...
INFO:root:Abstract 23000...
INFO:root:Abstract 24000...
INFO:root:Abstract 25000...
INFO:root:Abstract 26000...
INFO:root:Abstract 27000...
INFO:root:Abstract 28000...
INFO:root:Abstract 29000...
INFO:root:Abstract 30000...
INFO:root:Abstract 31000...
INFO:root:Abstract 32000...
INFO:root:Abstract 33000...
INFO:root:Abstract 34000...
INFO:root:bag of words length: 3039139
INFO:root:Abstract 0...
INFO:root:Abstract 1000...
INFO:root:Abstract 2000...
INFO:root:Abstract 3000...
INFO:root:Abstract 4000...
INFO:root:Abstract 5000...
INFO:root:Abstract 6000...
INFO:root:Abstract 7000...
INFO:root:Abstract 8000...
INFO:root:Abstract 9000...
INFO:root:Abstract 10000...
INFO:root:Abstract 11000...
INFO:root:Abstract 12000...
INFO:root:Abstract 13000...
INFO:root:Abstract 14000...
INFO:root:Abstract 15000...
INFO:root:Abstract 16000...
INFO:root:Abstract 17000...
INFO:root:Abstract 18000...
INFO:root:Abstract 19000...
INFO:root:Abstract 20000...
INFO:root:Abstract 21000...
INFO:root:Abstract 22000...
INFO:root:Abstract 23000...
INFO:root:Abstract 24000...
INFO:root:Abstract 25000...
INFO:root:Abstract 26000...
INFO:root:Abstract 27000...
INFO:root:Abstract 28000...
INFO:root:Abstract 29000...
INFO:root:Abstract 30000...
INFO:root:Abstract 31000...
INFO:root:Abstract 32000...
INFO:root:Abstract 33000...
INFO:root:Abstract 34000...
INFO:root:Abstract 35000...
INFO:root:Abstract 36000...
INFO:root:bag of words length: 3183895
INFO:root:Abstract 0...
INFO:root:Abstract 1000...
INFO:root:Abstract 2000...
INFO:root:Abstract 3000...
INFO:root:Abstract 4000...
INFO:root:Abstract 5000...
INFO:root:Abstract 6000...
INFO:root:Abstract 7000...
INFO:root:Abstract 8000...
INFO:root:Abstract 9000...
INFO:root:Abstract 10000...
INFO:root:Abstract 11000...
INFO:root:Abstract 12000...
INFO:root:Abstract 13000...
INFO:root:Abstract 14000...
INFO:root:Abstract 15000...
INFO:root:Abstract 16000...
INFO:root:Abstract 17000...
INFO:root:Abstract 18000...
INFO:root:Abstract 19000...
INFO:root:Abstract 20000...
INFO:root:Abstract 21000...
INFO:root:Abstract 22000...
