ERROR:root:File `'rtr.ipynb.py'` not found.
INFO:root:creating engine:
INFO:root:- postgresql://ericbarnhill:carter0109@localhost/rtr_db
INFO:root:- ['rtr_abstracts', 'rtr_keywords']
INFO:root:rtr_abstracts table already exists. Columns are:
INFO:root::abstract_1 || rtr_abstracts.abstract
INFO:root::date_1 + rtr_abstracts.date
INFO:root::keywords_1 || rtr_abstracts.keywords
INFO:root:Query from 2015-01-01 to 2015-04-01
INFO:root:Length of results: 31085
INFO:root:Query from 2015-02-01 to 2015-05-01
INFO:root:Length of results: 33697
INFO:root:Query from 2015-03-01 to 2015-06-01
INFO:root:Length of results: 34763
INFO:root:Query from 2015-04-01 to 2015-07-01
INFO:root:Length of results: 34978
INFO:root:Query from 2015-05-01 to 2015-08-01
INFO:root:Length of results: 36419
INFO:root:Query from 2015-06-01 to 2015-09-01
INFO:root:Length of results: 36776
INFO:root:Query from 2015-07-01 to 2015-10-01
INFO:root:Length of results: 36492
INFO:root:Query from 2015-08-01 to 2015-11-01
INFO:root:Length of results: 35164
INFO:root:Query from 2015-09-01 to 2015-12-01
INFO:root:Length of results: 34122
INFO:root:Query from 2015-10-01 to 2016-01-01
INFO:root:Length of results: 33251
INFO:root:Query from 2015-11-01 to 2016-02-01
INFO:root:Length of results: 33412
INFO:root:Query from 2015-12-01 to 2016-03-01
INFO:root:Length of results: 35073
INFO:root:Abstract 0...
INFO:root:Abstract 1000...
INFO:root:Abstract 2000...
INFO:root:Abstract 3000...
INFO:root:Abstract 4000...
INFO:root:Abstract 5000...
INFO:root:Abstract 6000...
INFO:root:Abstract 7000...
INFO:root:Abstract 8000...
INFO:root:Abstract 9000...
INFO:root:Abstract 10000...
INFO:root:Abstract 11000...
INFO:root:Abstract 12000...
INFO:root:Abstract 13000...
INFO:root:Abstract 14000...
INFO:root:Abstract 15000...
INFO:root:Abstract 16000...
INFO:root:Abstract 17000...
INFO:root:Abstract 18000...
INFO:root:Abstract 19000...
INFO:root:Abstract 20000...
INFO:root:Abstract 21000...
INFO:root:Abstract 22000...
INFO:root:Abstract 23000...
